Determining if the pthread_create exist failed with the following output:
Change Dir: /home/maxim/projects/cpp_experience/restClient/build/CMakeFiles/CMakeTmp

Run Build Command:"/usr/bin/make" "cmTC_6d98d/fast"
make[1]: Entering directory '/home/maxim/projects/cpp_experience/restClient/build/CMakeFiles/CMakeTmp'
/usr/bin/make -f CMakeFiles/cmTC_6d98d.dir/build.make CMakeFiles/cmTC_6d98d.dir/build
make[2]: Entering directory '/home/maxim/projects/cpp_experience/restClient/build/CMakeFiles/CMakeTmp'
Building C object CMakeFiles/cmTC_6d98d.dir/CheckSymbolExists.c.o
/usr/bin/cc    -o CMakeFiles/cmTC_6d98d.dir/CheckSymbolExists.c.o   -c /home/maxim/projects/cpp_experience/restClient/build/CMakeFiles/CMakeTmp/CheckSymbolExists.c
Linking C executable cmTC_6d98d
/usr/local/bin/cmake -E cmake_link_script CMakeFiles/cmTC_6d98d.dir/link.txt --verbose=1
/usr/bin/cc      -rdynamic CMakeFiles/cmTC_6d98d.dir/CheckSymbolExists.c.o  -o cmTC_6d98d 
CMakeFiles/cmTC_6d98d.dir/CheckSymbolExists.c.o: In function `main':
CheckSymbolExists.c:(.text+0x16): undefined reference to `pthread_create'
collect2: error: ld returned 1 exit status
CMakeFiles/cmTC_6d98d.dir/build.make:97: recipe for target 'cmTC_6d98d' failed
make[2]: *** [cmTC_6d98d] Error 1
make[2]: Leaving directory '/home/maxim/projects/cpp_experience/restClient/build/CMakeFiles/CMakeTmp'
Makefile:126: recipe for target 'cmTC_6d98d/fast' failed
make[1]: *** [cmTC_6d98d/fast] Error 2
make[1]: Leaving directory '/home/maxim/projects/cpp_experience/restClient/build/CMakeFiles/CMakeTmp'

File /home/maxim/projects/cpp_experience/restClient/build/CMakeFiles/CMakeTmp/CheckSymbolExists.c:
/* */
#include <pthread.h>

int main(int argc, char** argv)
{
  (void)argv;
#ifndef pthread_create
  return ((int*)(&pthread_create))[argc];
#else
  (void)argc;
  return 0;
#endif
}

Determining if the function pthread_create exists in the pthreads failed with the following output:
Change Dir: /home/maxim/projects/cpp_experience/restClient/build/CMakeFiles/CMakeTmp

Run Build Command:"/usr/bin/make" "cmTC_7cee2/fast"
make[1]: Entering directory '/home/maxim/projects/cpp_experience/restClient/build/CMakeFiles/CMakeTmp'
/usr/bin/make -f CMakeFiles/cmTC_7cee2.dir/build.make CMakeFiles/cmTC_7cee2.dir/build
make[2]: Entering directory '/home/maxim/projects/cpp_experience/restClient/build/CMakeFiles/CMakeTmp'
Building C object CMakeFiles/cmTC_7cee2.dir/CheckFunctionExists.c.o
/usr/bin/cc   -DCHECK_FUNCTION_EXISTS=pthread_create   -o CMakeFiles/cmTC_7cee2.dir/CheckFunctionExists.c.o   -c /usr/local/share/cmake-3.10/Modules/CheckFunctionExists.c
Linking C executable cmTC_7cee2
/usr/local/bin/cmake -E cmake_link_script CMakeFiles/cmTC_7cee2.dir/link.txt --verbose=1
/usr/bin/cc  -DCHECK_FUNCTION_EXISTS=pthread_create    -rdynamic CMakeFiles/cmTC_7cee2.dir/CheckFunctionExists.c.o  -o cmTC_7cee2 -lpthreads 
/usr/bin/ld: cannot find -lpthreads
collect2: error: ld returned 1 exit status
CMakeFiles/cmTC_7cee2.dir/build.make:97: recipe for target 'cmTC_7cee2' failed
make[2]: *** [cmTC_7cee2] Error 1
make[2]: Leaving directory '/home/maxim/projects/cpp_experience/restClient/build/CMakeFiles/CMakeTmp'
Makefile:126: recipe for target 'cmTC_7cee2/fast' failed
make[1]: *** [cmTC_7cee2/fast] Error 2
make[1]: Leaving directory '/home/maxim/projects/cpp_experience/restClient/build/CMakeFiles/CMakeTmp'


