Determining if the pthread_create exist failed with the following output:
Change Dir: /home/maxim/projects/cpp_experience/boostPractice/build/CMakeFiles/CMakeTmp

Run Build Command:"/usr/bin/make" "cmTC_469a1/fast"
/usr/bin/make -f CMakeFiles/cmTC_469a1.dir/build.make CMakeFiles/cmTC_469a1.dir/build
make[1]: Entering directory '/home/maxim/projects/cpp_experience/boostPractice/build/CMakeFiles/CMakeTmp'
Building C object CMakeFiles/cmTC_469a1.dir/CheckSymbolExists.c.o
/usr/bin/cc    -o CMakeFiles/cmTC_469a1.dir/CheckSymbolExists.c.o   -c /home/maxim/projects/cpp_experience/boostPractice/build/CMakeFiles/CMakeTmp/CheckSymbolExists.c
Linking C executable cmTC_469a1
/usr/local/bin/cmake -E cmake_link_script CMakeFiles/cmTC_469a1.dir/link.txt --verbose=1
/usr/bin/cc      -rdynamic CMakeFiles/cmTC_469a1.dir/CheckSymbolExists.c.o  -o cmTC_469a1 
CMakeFiles/cmTC_469a1.dir/CheckSymbolExists.c.o: In function `main':
CheckSymbolExists.c:(.text+0x16): undefined reference to `pthread_create'
collect2: error: ld returned 1 exit status
CMakeFiles/cmTC_469a1.dir/build.make:97: recipe for target 'cmTC_469a1' failed
make[1]: *** [cmTC_469a1] Error 1
make[1]: Leaving directory '/home/maxim/projects/cpp_experience/boostPractice/build/CMakeFiles/CMakeTmp'
Makefile:126: recipe for target 'cmTC_469a1/fast' failed
make: *** [cmTC_469a1/fast] Error 2

File /home/maxim/projects/cpp_experience/boostPractice/build/CMakeFiles/CMakeTmp/CheckSymbolExists.c:
/* */
#include <pthread.h>

int main(int argc, char** argv)
{
  (void)argv;
#ifndef pthread_create
  return ((int*)(&pthread_create))[argc];
#else
  (void)argc;
  return 0;
#endif
}

Determining if the function pthread_create exists in the pthreads failed with the following output:
Change Dir: /home/maxim/projects/cpp_experience/boostPractice/build/CMakeFiles/CMakeTmp

Run Build Command:"/usr/bin/make" "cmTC_47998/fast"
/usr/bin/make -f CMakeFiles/cmTC_47998.dir/build.make CMakeFiles/cmTC_47998.dir/build
make[1]: Entering directory '/home/maxim/projects/cpp_experience/boostPractice/build/CMakeFiles/CMakeTmp'
Building C object CMakeFiles/cmTC_47998.dir/CheckFunctionExists.c.o
/usr/bin/cc   -DCHECK_FUNCTION_EXISTS=pthread_create   -o CMakeFiles/cmTC_47998.dir/CheckFunctionExists.c.o   -c /usr/local/share/cmake-3.8/Modules/CheckFunctionExists.c
Linking C executable cmTC_47998
/usr/local/bin/cmake -E cmake_link_script CMakeFiles/cmTC_47998.dir/link.txt --verbose=1
/usr/bin/cc  -DCHECK_FUNCTION_EXISTS=pthread_create    -rdynamic CMakeFiles/cmTC_47998.dir/CheckFunctionExists.c.o  -o cmTC_47998 -lpthreads 
/usr/bin/ld: cannot find -lpthreads
collect2: error: ld returned 1 exit status
CMakeFiles/cmTC_47998.dir/build.make:97: recipe for target 'cmTC_47998' failed
make[1]: *** [cmTC_47998] Error 1
make[1]: Leaving directory '/home/maxim/projects/cpp_experience/boostPractice/build/CMakeFiles/CMakeTmp'
Makefile:126: recipe for target 'cmTC_47998/fast' failed
make: *** [cmTC_47998/fast] Error 2


