Determining if the pthread_create exist failed with the following output:
Change Dir: /home/maxim/projects/cpp_experience/BoostLog/build/CMakeFiles/CMakeTmp

Run Build Command:"/usr/bin/make" "cmTC_cf237/fast"
make[1]: Entering directory '/home/maxim/projects/cpp_experience/BoostLog/build/CMakeFiles/CMakeTmp'
/usr/bin/make -f CMakeFiles/cmTC_cf237.dir/build.make CMakeFiles/cmTC_cf237.dir/build
make[2]: Entering directory '/home/maxim/projects/cpp_experience/BoostLog/build/CMakeFiles/CMakeTmp'
Building C object CMakeFiles/cmTC_cf237.dir/CheckSymbolExists.c.o
/usr/bin/cc    -o CMakeFiles/cmTC_cf237.dir/CheckSymbolExists.c.o   -c /home/maxim/projects/cpp_experience/BoostLog/build/CMakeFiles/CMakeTmp/CheckSymbolExists.c
Linking C executable cmTC_cf237
/usr/local/bin/cmake -E cmake_link_script CMakeFiles/cmTC_cf237.dir/link.txt --verbose=1
/usr/bin/cc      -rdynamic CMakeFiles/cmTC_cf237.dir/CheckSymbolExists.c.o  -o cmTC_cf237 
CMakeFiles/cmTC_cf237.dir/CheckSymbolExists.c.o: In function `main':
CheckSymbolExists.c:(.text+0x16): undefined reference to `pthread_create'
collect2: error: ld returned 1 exit status
CMakeFiles/cmTC_cf237.dir/build.make:97: recipe for target 'cmTC_cf237' failed
make[2]: *** [cmTC_cf237] Error 1
make[2]: Leaving directory '/home/maxim/projects/cpp_experience/BoostLog/build/CMakeFiles/CMakeTmp'
Makefile:126: recipe for target 'cmTC_cf237/fast' failed
make[1]: *** [cmTC_cf237/fast] Error 2
make[1]: Leaving directory '/home/maxim/projects/cpp_experience/BoostLog/build/CMakeFiles/CMakeTmp'

File /home/maxim/projects/cpp_experience/BoostLog/build/CMakeFiles/CMakeTmp/CheckSymbolExists.c:
/* */
#include <pthread.h>

int main(int argc, char** argv)
{
  (void)argv;
#ifndef pthread_create
  return ((int*)(&pthread_create))[argc];
#else
  (void)argc;
  return 0;
#endif
}

Determining if the function pthread_create exists in the pthreads failed with the following output:
Change Dir: /home/maxim/projects/cpp_experience/BoostLog/build/CMakeFiles/CMakeTmp

Run Build Command:"/usr/bin/make" "cmTC_becd7/fast"
make[1]: Entering directory '/home/maxim/projects/cpp_experience/BoostLog/build/CMakeFiles/CMakeTmp'
/usr/bin/make -f CMakeFiles/cmTC_becd7.dir/build.make CMakeFiles/cmTC_becd7.dir/build
make[2]: Entering directory '/home/maxim/projects/cpp_experience/BoostLog/build/CMakeFiles/CMakeTmp'
Building C object CMakeFiles/cmTC_becd7.dir/CheckFunctionExists.c.o
/usr/bin/cc   -DCHECK_FUNCTION_EXISTS=pthread_create   -o CMakeFiles/cmTC_becd7.dir/CheckFunctionExists.c.o   -c /usr/local/share/cmake-3.8/Modules/CheckFunctionExists.c
Linking C executable cmTC_becd7
/usr/local/bin/cmake -E cmake_link_script CMakeFiles/cmTC_becd7.dir/link.txt --verbose=1
/usr/bin/cc  -DCHECK_FUNCTION_EXISTS=pthread_create    -rdynamic CMakeFiles/cmTC_becd7.dir/CheckFunctionExists.c.o  -o cmTC_becd7 -lpthreads 
/usr/bin/ld: cannot find -lpthreads
collect2: error: ld returned 1 exit status
CMakeFiles/cmTC_becd7.dir/build.make:97: recipe for target 'cmTC_becd7' failed
make[2]: *** [cmTC_becd7] Error 1
make[2]: Leaving directory '/home/maxim/projects/cpp_experience/BoostLog/build/CMakeFiles/CMakeTmp'
Makefile:126: recipe for target 'cmTC_becd7/fast' failed
make[1]: *** [cmTC_becd7/fast] Error 2
make[1]: Leaving directory '/home/maxim/projects/cpp_experience/BoostLog/build/CMakeFiles/CMakeTmp'


